<?xml version="1.0" encoding="UTF-8"?>
<testsuite name="com.mrll.javelin.api.smartsort.messagingproxyfilter.EventProxyFilterReceiverTest" tests="5" skipped="0" failures="0" errors="0" timestamp="2020-04-26T17:43:12" hostname="NA-300113" time="0.347">
  <properties/>
  <testcase name="Handle valid message with DONE type" classname="com.mrll.javelin.api.smartsort.messagingproxyfilter.EventProxyFilterReceiverTest" time="0.334"/>
  <testcase name="Handle valid message with REPLACE type" classname="com.mrll.javelin.api.smartsort.messagingproxyfilter.EventProxyFilterReceiverTest" time="0.005"/>
  <testcase name="Handle invalid message with unsupported type consumes Rabbit message" classname="com.mrll.javelin.api.smartsort.messagingproxyfilter.EventProxyFilterReceiverTest" time="0.002"/>
  <testcase name="Handle smart enabled project with Unknown processingType" classname="com.mrll.javelin.api.smartsort.messagingproxyfilter.EventProxyFilterReceiverTest" time="0.003"/>
  <testcase name="Handle Non smart enabled Project" classname="com.mrll.javelin.api.smartsort.messagingproxyfilter.EventProxyFilterReceiverTest" time="0.003"/>
  <system-out><![CDATA[12:43:12.611 [Test worker] INFO com.mrll.javelin.api.smarttools.messagingproxyfilter.EventProxyFilterReceiver - method=handleValidMessage trace=smartToolsProcessing message=startMetadataUpdateEvent projectId=project_id metadataIds=[metadata_id] updateType=DONE processingType=DOC_UPLOAD
12:43:12.611 [Test worker] INFO com.mrll.javelin.api.smarttools.messagingproxyfilter.EventProxyFilterReceiver - method=isSmartToolsEnabled trace=smartToolsProcessing message=start projectId=project_id 
12:43:12.611 [Test worker] INFO com.mrll.javelin.api.smarttools.messagingproxyfilter.EventProxyFilterReceiver - method=handleValidMessage trace=smartToolsProcessing message=processingDoneEvent projectId=project_id metadataIds=[metadata_id] updateType=DONE processingType=DOC_UPLOAD
12:43:12.612 [Test worker] INFO com.mrll.javelin.api.smarttools.messagingproxyfilter.EventProxyFilterReceiver - method=processDoneEvent trace=smartToolsProcessing message=start projectId=project_id metadataIds=[metadata_id] updateType=DONE processingType=DOC_UPLOAD
12:43:12.620 [Test worker] INFO com.mrll.javelin.api.smarttools.messagingproxyfilter.EventProxyFilterReceiver - method=processDoneEvent trace=smartToolsProcessing message=processingAnUploadEvent projectId=project_id metadataIds=[metadata_id] updateType=DONE processingType=DOC_UPLOAD
12:43:12.620 [Test worker] INFO com.mrll.javelin.api.smarttools.messagingproxyfilter.EventProxyFilterReceiver - method=publishCategorisable trace=smartToolsProcessing message=start projectId=project_id metadataIds=[metadata_id] updateType=DONE processingType=DOC_UPLOAD
12:43:12.642 [Test worker] INFO com.mrll.javelin.api.smarttools.messagingproxyfilter.EventProxyFilterReceiver - method=publishCategorisable trace=smartToolsProcessing message=messageSentToExchange projectId=project_id metadataIds=[metadata_id] exchange=null routingKey=null messageAddedTime=2020-04-26T17:43:12.642225Z messageHeaders=MessageProperties [headers={prId=project_id, type=DONE}, contentType=application/json, contentLength=0, deliveryMode=PERSISTENT, priority=0, deliveryTag=0]
12:43:12.664 [Test worker] INFO com.mrll.javelin.api.smarttools.messagingproxyfilter.EventProxyFilterReceiver - method=handleValidMessage trace=smartToolsProcessing message=startMetadataUpdateEvent projectId=project_id metadataIds=[metadata_id] updateType=DONE processingType=DOC_REPLACE
12:43:12.664 [Test worker] INFO com.mrll.javelin.api.smarttools.messagingproxyfilter.EventProxyFilterReceiver - method=isSmartToolsEnabled trace=smartToolsProcessing message=start projectId=project_id 
12:43:12.665 [Test worker] INFO com.mrll.javelin.api.smarttools.messagingproxyfilter.EventProxyFilterReceiver - method=handleValidMessage trace=smartToolsProcessing message=processingDoneEvent projectId=project_id metadataIds=[metadata_id] updateType=DONE processingType=DOC_REPLACE
12:43:12.665 [Test worker] INFO com.mrll.javelin.api.smarttools.messagingproxyfilter.EventProxyFilterReceiver - method=processDoneEvent trace=smartToolsProcessing message=start projectId=project_id metadataIds=[metadata_id] updateType=DONE processingType=DOC_REPLACE
12:43:12.665 [Test worker] INFO com.mrll.javelin.api.smarttools.messagingproxyfilter.EventProxyFilterReceiver - method=processDoneEvent trace=smartToolsProcessing message=processingAReplaceEvent projectId=project_id metadataIds=[metadata_id] updateType=DONE processingType=DOC_REPLACE
12:43:12.666 [Test worker] INFO com.mrll.javelin.api.smarttools.messagingproxyfilter.EventProxyFilterReceiver - method=publishCategorisable trace=smartToolsProcessing message=start projectId=project_id metadataIds=[metadata_id] updateType=DONE processingType=DOC_REPLACE
12:43:12.666 [Test worker] INFO com.mrll.javelin.api.smarttools.messagingproxyfilter.EventProxyFilterReceiver - method=publishCategorisable trace=smartToolsProcessing message=messageSentToExchange projectId=project_id metadataIds=[metadata_id] exchange=null routingKey=null messageAddedTime=2020-04-26T17:43:12.666904Z messageHeaders=MessageProperties [headers={prId=project_id, type=DONE}, contentType=application/json, contentLength=0, deliveryMode=PERSISTENT, priority=0, deliveryTag=0]
12:43:12.669 [Test worker] INFO com.mrll.javelin.api.smarttools.messagingproxyfilter.EventProxyFilterReceiver - method=handleValidMessage trace=smartToolsProcessing message=startMetadataUpdateEvent projectId=project_id metadataIds=[metadata_id] updateType=UNKNOWN processingType=DOC_UPLOAD
12:43:12.669 [Test worker] INFO com.mrll.javelin.api.smarttools.messagingproxyfilter.EventProxyFilterReceiver - method=isSmartToolsEnabled trace=smartToolsProcessing message=start projectId=project_id 
12:43:12.669 [Test worker] ERROR com.mrll.javelin.api.smarttools.messagingproxyfilter.EventProxyFilterReceiver - method=handleValidMessage trace=smartToolsProcessing message=invalidUpdateType details=processingEndsHere projectId=project_id metadataIds=[metadata_id] updateType=UNKNOWN processingType=DOC_UPLOAD
12:43:12.671 [Test worker] INFO com.mrll.javelin.api.smarttools.messagingproxyfilter.EventProxyFilterReceiver - method=handleValidMessage trace=smartToolsProcessing message=startMetadataUpdateEvent projectId=project_id metadataIds=[metadata_id] updateType=DONE processingType=UNKNOWN
12:43:12.672 [Test worker] INFO com.mrll.javelin.api.smarttools.messagingproxyfilter.EventProxyFilterReceiver - method=isSmartToolsEnabled trace=smartToolsProcessing message=start projectId=project_id 
12:43:12.672 [Test worker] INFO com.mrll.javelin.api.smarttools.messagingproxyfilter.EventProxyFilterReceiver - method=handleValidMessage trace=smartToolsProcessing message=processingDoneEvent projectId=project_id metadataIds=[metadata_id] updateType=DONE processingType=UNKNOWN
12:43:12.672 [Test worker] INFO com.mrll.javelin.api.smarttools.messagingproxyfilter.EventProxyFilterReceiver - method=processDoneEvent trace=smartToolsProcessing message=start projectId=project_id metadataIds=[metadata_id] updateType=DONE processingType=UNKNOWN
12:43:12.672 [Test worker] ERROR com.mrll.javelin.api.smarttools.messagingproxyfilter.EventProxyFilterReceiver - method=processDoneEvent trace=smartToolsProcessing message=unknownProcessingType details=processingEndsHere projectId=project_id metadataIds=[metadata_id] updateType=DONE processingType=UNKNOWN
12:43:12.674 [Test worker] INFO com.mrll.javelin.api.smarttools.messagingproxyfilter.EventProxyFilterReceiver - method=handleValidMessage trace=smartToolsProcessing message=startMetadataUpdateEvent projectId=project_id metadataIds=[metadata_id] updateType=UNKNOWN processingType=DOC_UPLOAD
12:43:12.674 [Test worker] INFO com.mrll.javelin.api.smarttools.messagingproxyfilter.EventProxyFilterReceiver - method=isSmartToolsEnabled trace=smartToolsProcessing message=start projectId=project_id 
12:43:12.675 [Test worker] INFO com.mrll.javelin.api.smarttools.messagingproxyfilter.EventProxyFilterReceiver - method=handleValidMessage trace=smartToolsProcessing message=projectIsNotSmartEnabled details=processingEndsHere projectId=project_id metadataIds=[metadata_id] updateType=UNKNOWN processingType=DOC_UPLOAD
]]></system-out>
  <system-err><![CDATA[]]></system-err>
</testsuite>
