<?xml version="1.0" encoding="UTF-8"?>
<testsuite name="com.mrll.javelin.api.smartsort.suscriber.CategorizeMetadataValidatorTest" tests="4" skipped="0" failures="0" errors="0" timestamp="2020-04-26T17:43:10" hostname="NA-300113" time="0.448">
  <properties/>
  <testcase name="all message properties are valid" classname="com.mrll.javelin.api.smartsort.suscriber.CategorizeMetadataValidatorTest" time="0.408"/>
  <testcase name="missing project id parameter throws an exception" classname="com.mrll.javelin.api.smartsort.suscriber.CategorizeMetadataValidatorTest" time="0.032"/>
  <testcase name="empty project id parameter throws an exception" classname="com.mrll.javelin.api.smartsort.suscriber.CategorizeMetadataValidatorTest" time="0.004"/>
  <testcase name="missing metadata ids parameter throws an exception" classname="com.mrll.javelin.api.smartsort.suscriber.CategorizeMetadataValidatorTest" time="0.004"/>
  <system-out><![CDATA[12:43:10.782 [Test worker] DEBUG com.mrll.javelin.api.smarttools.messagingproxyfilter.EventProxyFilterMessageValidator - message=problemValidatingMessage messageObject=MetadataUpdateEvent{projectId=null, userId=null, metadataIds=[m1], updateType=DONE, processingType=null}
java.lang.IllegalArgumentException: Project ID must not be null
	at org.springframework.util.Assert.notNull(Assert.java:198)
	at com.mrll.javelin.api.smarttools.suscriber.CategorizeMetadataValidator.validateMessage(CategorizeMetadataValidator.java:20)
	at com.mrll.javelin.api.smarttools.suscriber.CategorizeMetadataValidator$validateMessage.call(Unknown Source)
	at org.codehaus.groovy.runtime.callsite.CallSiteArray.defaultCall(CallSiteArray.java:47)
	at org.codehaus.groovy.runtime.callsite.AbstractCallSite.call(AbstractCallSite.java:115)
	at org.codehaus.groovy.runtime.callsite.AbstractCallSite.call(AbstractCallSite.java:127)
	at com.mrll.javelin.api.smartsort.suscriber.CategorizeMetadataValidatorTest.$spock_feature_0_1(CategorizeMetadataValidatorTest.groovy:34)
	at java.base/jdk.internal.reflect.NativeMethodAccessorImpl.invoke0(Native Method)
	at java.base/jdk.internal.reflect.NativeMethodAccessorImpl.invoke(NativeMethodAccessorImpl.java:62)
	at java.base/jdk.internal.reflect.DelegatingMethodAccessorImpl.invoke(DelegatingMethodAccessorImpl.java:43)
	at java.base/java.lang.reflect.Method.invoke(Method.java:566)
	at org.spockframework.util.ReflectionUtil.invokeMethod(ReflectionUtil.java:200)
	at org.spockframework.runtime.model.MethodInfo.invoke(MethodInfo.java:113)
	at org.spockframework.runtime.BaseSpecRunner.invokeRaw(BaseSpecRunner.java:484)
	at org.spockframework.runtime.BaseSpecRunner.invoke(BaseSpecRunner.java:467)
	at org.spockframework.runtime.BaseSpecRunner.runFeatureMethod(BaseSpecRunner.java:408)
	at org.spockframework.runtime.BaseSpecRunner.doRunIteration(BaseSpecRunner.java:322)
	at org.spockframework.runtime.BaseSpecRunner$6.invoke(BaseSpecRunner.java:306)
	at org.spockframework.runtime.BaseSpecRunner.invokeRaw(BaseSpecRunner.java:484)
	at org.spockframework.runtime.BaseSpecRunner.invoke(BaseSpecRunner.java:467)
	at org.spockframework.runtime.BaseSpecRunner.runIteration(BaseSpecRunner.java:285)
	at org.spockframework.runtime.BaseSpecRunner.initializeAndRunIteration(BaseSpecRunner.java:275)
	at org.spockframework.runtime.BaseSpecRunner.runSimpleFeature(BaseSpecRunner.java:266)
	at org.spockframework.runtime.BaseSpecRunner.doRunFeature(BaseSpecRunner.java:260)
	at org.spockframework.runtime.BaseSpecRunner$5.invoke(BaseSpecRunner.java:243)
	at org.spockframework.runtime.BaseSpecRunner.invokeRaw(BaseSpecRunner.java:484)
	at org.spockframework.runtime.BaseSpecRunner.invoke(BaseSpecRunner.java:467)
	at org.spockframework.runtime.BaseSpecRunner.runFeature(BaseSpecRunner.java:235)
	at org.spockframework.runtime.BaseSpecRunner.runFeatures(BaseSpecRunner.java:185)
	at org.spockframework.runtime.BaseSpecRunner.doRunSpec(BaseSpecRunner.java:95)
	at org.spockframework.runtime.BaseSpecRunner$1.invoke(BaseSpecRunner.java:81)
	at org.spockframework.runtime.BaseSpecRunner.invokeRaw(BaseSpecRunner.java:484)
	at org.spockframework.runtime.BaseSpecRunner.invoke(BaseSpecRunner.java:467)
	at org.spockframework.runtime.BaseSpecRunner.runSpec(BaseSpecRunner.java:73)
	at org.spockframework.runtime.BaseSpecRunner.run(BaseSpecRunner.java:64)
	at org.spockframework.runtime.Sputnik.run(Sputnik.java:63)
	at org.gradle.api.internal.tasks.testing.junit.JUnitTestClassExecutor.runTestClass(JUnitTestClassExecutor.java:110)
	at org.gradle.api.internal.tasks.testing.junit.JUnitTestClassExecutor.execute(JUnitTestClassExecutor.java:58)
	at org.gradle.api.internal.tasks.testing.junit.JUnitTestClassExecutor.execute(JUnitTestClassExecutor.java:38)
	at org.gradle.api.internal.tasks.testing.junit.AbstractJUnitTestClassProcessor.processTestClass(AbstractJUnitTestClassProcessor.java:62)
	at org.gradle.api.internal.tasks.testing.SuiteTestClassProcessor.processTestClass(SuiteTestClassProcessor.java:51)
	at java.base/jdk.internal.reflect.NativeMethodAccessorImpl.invoke0(Native Method)
	at java.base/jdk.internal.reflect.NativeMethodAccessorImpl.invoke(NativeMethodAccessorImpl.java:62)
	at java.base/jdk.internal.reflect.DelegatingMethodAccessorImpl.invoke(DelegatingMethodAccessorImpl.java:43)
	at java.base/java.lang.reflect.Method.invoke(Method.java:566)
	at org.gradle.internal.dispatch.ReflectionDispatch.dispatch(ReflectionDispatch.java:35)
	at org.gradle.internal.dispatch.ReflectionDispatch.dispatch(ReflectionDispatch.java:24)
	at org.gradle.internal.dispatch.ContextClassLoaderDispatch.dispatch(ContextClassLoaderDispatch.java:32)
	at org.gradle.internal.dispatch.ProxyDispatchAdapter$DispatchingInvocationHandler.invoke(ProxyDispatchAdapter.java:93)
	at com.sun.proxy.$Proxy2.processTestClass(Unknown Source)
	at org.gradle.api.internal.tasks.testing.worker.TestWorker.processTestClass(TestWorker.java:118)
	at java.base/jdk.internal.reflect.NativeMethodAccessorImpl.invoke0(Native Method)
	at java.base/jdk.internal.reflect.NativeMethodAccessorImpl.invoke(NativeMethodAccessorImpl.java:62)
	at java.base/jdk.internal.reflect.DelegatingMethodAccessorImpl.invoke(DelegatingMethodAccessorImpl.java:43)
	at java.base/java.lang.reflect.Method.invoke(Method.java:566)
	at org.gradle.internal.dispatch.ReflectionDispatch.dispatch(ReflectionDispatch.java:35)
	at org.gradle.internal.dispatch.ReflectionDispatch.dispatch(ReflectionDispatch.java:24)
	at org.gradle.internal.remote.internal.hub.MessageHubBackedObjectConnection$DispatchWrapper.dispatch(MessageHubBackedObjectConnection.java:175)
	at org.gradle.internal.remote.internal.hub.MessageHubBackedObjectConnection$DispatchWrapper.dispatch(MessageHubBackedObjectConnection.java:157)
	at org.gradle.internal.remote.internal.hub.MessageHub$Handler.run(MessageHub.java:404)
	at org.gradle.internal.concurrent.ExecutorPolicy$CatchAndRecordFailures.onExecute(ExecutorPolicy.java:63)
	at org.gradle.internal.concurrent.ManagedExecutorImpl$1.run(ManagedExecutorImpl.java:46)
	at java.base/java.util.concurrent.ThreadPoolExecutor.runWorker(ThreadPoolExecutor.java:1128)
	at java.base/java.util.concurrent.ThreadPoolExecutor$Worker.run(ThreadPoolExecutor.java:628)
	at org.gradle.internal.concurrent.ThreadFactoryImpl$ManagedThreadRunnable.run(ThreadFactoryImpl.java:55)
	at java.base/java.lang.Thread.run(Thread.java:834)
12:43:10.799 [Test worker] DEBUG com.mrll.javelin.api.smarttools.messagingproxyfilter.EventProxyFilterMessageValidator - message=problemValidatingMessage messageObject=MetadataUpdateEvent{projectId=, userId=null, metadataIds=[m1], updateType=DONE, processingType=DOC_REPLACE}
java.lang.IllegalArgumentException: Project ID must not be empty
	at org.springframework.util.Assert.isTrue(Assert.java:118)
	at com.mrll.javelin.api.smarttools.suscriber.CategorizeMetadataValidator.validateMessage(CategorizeMetadataValidator.java:23)
	at com.mrll.javelin.api.smarttools.suscriber.CategorizeMetadataValidator$validateMessage.call(Unknown Source)
	at org.codehaus.groovy.runtime.callsite.CallSiteArray.defaultCall(CallSiteArray.java:47)
	at org.codehaus.groovy.runtime.callsite.AbstractCallSite.call(AbstractCallSite.java:115)
	at org.codehaus.groovy.runtime.callsite.AbstractCallSite.call(AbstractCallSite.java:127)
	at com.mrll.javelin.api.smartsort.suscriber.CategorizeMetadataValidatorTest.$spock_feature_0_2(CategorizeMetadataValidatorTest.groovy:47)
	at java.base/jdk.internal.reflect.NativeMethodAccessorImpl.invoke0(Native Method)
	at java.base/jdk.internal.reflect.NativeMethodAccessorImpl.invoke(NativeMethodAccessorImpl.java:62)
	at java.base/jdk.internal.reflect.DelegatingMethodAccessorImpl.invoke(DelegatingMethodAccessorImpl.java:43)
	at java.base/java.lang.reflect.Method.invoke(Method.java:566)
	at org.spockframework.util.ReflectionUtil.invokeMethod(ReflectionUtil.java:200)
	at org.spockframework.runtime.model.MethodInfo.invoke(MethodInfo.java:113)
	at org.spockframework.runtime.BaseSpecRunner.invokeRaw(BaseSpecRunner.java:484)
	at org.spockframework.runtime.BaseSpecRunner.invoke(BaseSpecRunner.java:467)
	at org.spockframework.runtime.BaseSpecRunner.runFeatureMethod(BaseSpecRunner.java:408)
	at org.spockframework.runtime.BaseSpecRunner.doRunIteration(BaseSpecRunner.java:322)
	at org.spockframework.runtime.BaseSpecRunner$6.invoke(BaseSpecRunner.java:306)
	at org.spockframework.runtime.BaseSpecRunner.invokeRaw(BaseSpecRunner.java:484)
	at org.spockframework.runtime.BaseSpecRunner.invoke(BaseSpecRunner.java:467)
	at org.spockframework.runtime.BaseSpecRunner.runIteration(BaseSpecRunner.java:285)
	at org.spockframework.runtime.BaseSpecRunner.initializeAndRunIteration(BaseSpecRunner.java:275)
	at org.spockframework.runtime.BaseSpecRunner.runSimpleFeature(BaseSpecRunner.java:266)
	at org.spockframework.runtime.BaseSpecRunner.doRunFeature(BaseSpecRunner.java:260)
	at org.spockframework.runtime.BaseSpecRunner$5.invoke(BaseSpecRunner.java:243)
	at org.spockframework.runtime.BaseSpecRunner.invokeRaw(BaseSpecRunner.java:484)
	at org.spockframework.runtime.BaseSpecRunner.invoke(BaseSpecRunner.java:467)
	at org.spockframework.runtime.BaseSpecRunner.runFeature(BaseSpecRunner.java:235)
	at org.spockframework.runtime.BaseSpecRunner.runFeatures(BaseSpecRunner.java:185)
	at org.spockframework.runtime.BaseSpecRunner.doRunSpec(BaseSpecRunner.java:95)
	at org.spockframework.runtime.BaseSpecRunner$1.invoke(BaseSpecRunner.java:81)
	at org.spockframework.runtime.BaseSpecRunner.invokeRaw(BaseSpecRunner.java:484)
	at org.spockframework.runtime.BaseSpecRunner.invoke(BaseSpecRunner.java:467)
	at org.spockframework.runtime.BaseSpecRunner.runSpec(BaseSpecRunner.java:73)
	at org.spockframework.runtime.BaseSpecRunner.run(BaseSpecRunner.java:64)
	at org.spockframework.runtime.Sputnik.run(Sputnik.java:63)
	at org.gradle.api.internal.tasks.testing.junit.JUnitTestClassExecutor.runTestClass(JUnitTestClassExecutor.java:110)
	at org.gradle.api.internal.tasks.testing.junit.JUnitTestClassExecutor.execute(JUnitTestClassExecutor.java:58)
	at org.gradle.api.internal.tasks.testing.junit.JUnitTestClassExecutor.execute(JUnitTestClassExecutor.java:38)
	at org.gradle.api.internal.tasks.testing.junit.AbstractJUnitTestClassProcessor.processTestClass(AbstractJUnitTestClassProcessor.java:62)
	at org.gradle.api.internal.tasks.testing.SuiteTestClassProcessor.processTestClass(SuiteTestClassProcessor.java:51)
	at java.base/jdk.internal.reflect.NativeMethodAccessorImpl.invoke0(Native Method)
	at java.base/jdk.internal.reflect.NativeMethodAccessorImpl.invoke(NativeMethodAccessorImpl.java:62)
	at java.base/jdk.internal.reflect.DelegatingMethodAccessorImpl.invoke(DelegatingMethodAccessorImpl.java:43)
	at java.base/java.lang.reflect.Method.invoke(Method.java:566)
	at org.gradle.internal.dispatch.ReflectionDispatch.dispatch(ReflectionDispatch.java:35)
	at org.gradle.internal.dispatch.ReflectionDispatch.dispatch(ReflectionDispatch.java:24)
	at org.gradle.internal.dispatch.ContextClassLoaderDispatch.dispatch(ContextClassLoaderDispatch.java:32)
	at org.gradle.internal.dispatch.ProxyDispatchAdapter$DispatchingInvocationHandler.invoke(ProxyDispatchAdapter.java:93)
	at com.sun.proxy.$Proxy2.processTestClass(Unknown Source)
	at org.gradle.api.internal.tasks.testing.worker.TestWorker.processTestClass(TestWorker.java:118)
	at java.base/jdk.internal.reflect.NativeMethodAccessorImpl.invoke0(Native Method)
	at java.base/jdk.internal.reflect.NativeMethodAccessorImpl.invoke(NativeMethodAccessorImpl.java:62)
	at java.base/jdk.internal.reflect.DelegatingMethodAccessorImpl.invoke(DelegatingMethodAccessorImpl.java:43)
	at java.base/java.lang.reflect.Method.invoke(Method.java:566)
	at org.gradle.internal.dispatch.ReflectionDispatch.dispatch(ReflectionDispatch.java:35)
	at org.gradle.internal.dispatch.ReflectionDispatch.dispatch(ReflectionDispatch.java:24)
	at org.gradle.internal.remote.internal.hub.MessageHubBackedObjectConnection$DispatchWrapper.dispatch(MessageHubBackedObjectConnection.java:175)
	at org.gradle.internal.remote.internal.hub.MessageHubBackedObjectConnection$DispatchWrapper.dispatch(MessageHubBackedObjectConnection.java:157)
	at org.gradle.internal.remote.internal.hub.MessageHub$Handler.run(MessageHub.java:404)
	at org.gradle.internal.concurrent.ExecutorPolicy$CatchAndRecordFailures.onExecute(ExecutorPolicy.java:63)
	at org.gradle.internal.concurrent.ManagedExecutorImpl$1.run(ManagedExecutorImpl.java:46)
	at java.base/java.util.concurrent.ThreadPoolExecutor.runWorker(ThreadPoolExecutor.java:1128)
	at java.base/java.util.concurrent.ThreadPoolExecutor$Worker.run(ThreadPoolExecutor.java:628)
	at org.gradle.internal.concurrent.ThreadFactoryImpl$ManagedThreadRunnable.run(ThreadFactoryImpl.java:55)
	at java.base/java.lang.Thread.run(Thread.java:834)
12:43:10.803 [Test worker] DEBUG com.mrll.javelin.api.smarttools.messagingproxyfilter.EventProxyFilterMessageValidator - message=problemValidatingMessage messageObject=MetadataUpdateEvent{projectId=project_id_1, userId=null, metadataIds=null, updateType=DONE, processingType=DOC_REPLACE}
java.lang.IllegalArgumentException: Metadata IDs must not be null
	at org.springframework.util.Assert.notNull(Assert.java:198)
	at com.mrll.javelin.api.smarttools.suscriber.CategorizeMetadataValidator.validateMessage(CategorizeMetadataValidator.java:21)
	at com.mrll.javelin.api.smarttools.suscriber.CategorizeMetadataValidator$validateMessage.call(Unknown Source)
	at org.codehaus.groovy.runtime.callsite.CallSiteArray.defaultCall(CallSiteArray.java:47)
	at org.codehaus.groovy.runtime.callsite.AbstractCallSite.call(AbstractCallSite.java:115)
	at org.codehaus.groovy.runtime.callsite.AbstractCallSite.call(AbstractCallSite.java:127)
	at com.mrll.javelin.api.smartsort.suscriber.CategorizeMetadataValidatorTest.$spock_feature_0_3(CategorizeMetadataValidatorTest.groovy:60)
	at java.base/jdk.internal.reflect.NativeMethodAccessorImpl.invoke0(Native Method)
	at java.base/jdk.internal.reflect.NativeMethodAccessorImpl.invoke(NativeMethodAccessorImpl.java:62)
	at java.base/jdk.internal.reflect.DelegatingMethodAccessorImpl.invoke(DelegatingMethodAccessorImpl.java:43)
	at java.base/java.lang.reflect.Method.invoke(Method.java:566)
	at org.spockframework.util.ReflectionUtil.invokeMethod(ReflectionUtil.java:200)
	at org.spockframework.runtime.model.MethodInfo.invoke(MethodInfo.java:113)
	at org.spockframework.runtime.BaseSpecRunner.invokeRaw(BaseSpecRunner.java:484)
	at org.spockframework.runtime.BaseSpecRunner.invoke(BaseSpecRunner.java:467)
	at org.spockframework.runtime.BaseSpecRunner.runFeatureMethod(BaseSpecRunner.java:408)
	at org.spockframework.runtime.BaseSpecRunner.doRunIteration(BaseSpecRunner.java:322)
	at org.spockframework.runtime.BaseSpecRunner$6.invoke(BaseSpecRunner.java:306)
	at org.spockframework.runtime.BaseSpecRunner.invokeRaw(BaseSpecRunner.java:484)
	at org.spockframework.runtime.BaseSpecRunner.invoke(BaseSpecRunner.java:467)
	at org.spockframework.runtime.BaseSpecRunner.runIteration(BaseSpecRunner.java:285)
	at org.spockframework.runtime.BaseSpecRunner.initializeAndRunIteration(BaseSpecRunner.java:275)
	at org.spockframework.runtime.BaseSpecRunner.runSimpleFeature(BaseSpecRunner.java:266)
	at org.spockframework.runtime.BaseSpecRunner.doRunFeature(BaseSpecRunner.java:260)
	at org.spockframework.runtime.BaseSpecRunner$5.invoke(BaseSpecRunner.java:243)
	at org.spockframework.runtime.BaseSpecRunner.invokeRaw(BaseSpecRunner.java:484)
	at org.spockframework.runtime.BaseSpecRunner.invoke(BaseSpecRunner.java:467)
	at org.spockframework.runtime.BaseSpecRunner.runFeature(BaseSpecRunner.java:235)
	at org.spockframework.runtime.BaseSpecRunner.runFeatures(BaseSpecRunner.java:185)
	at org.spockframework.runtime.BaseSpecRunner.doRunSpec(BaseSpecRunner.java:95)
	at org.spockframework.runtime.BaseSpecRunner$1.invoke(BaseSpecRunner.java:81)
	at org.spockframework.runtime.BaseSpecRunner.invokeRaw(BaseSpecRunner.java:484)
	at org.spockframework.runtime.BaseSpecRunner.invoke(BaseSpecRunner.java:467)
	at org.spockframework.runtime.BaseSpecRunner.runSpec(BaseSpecRunner.java:73)
	at org.spockframework.runtime.BaseSpecRunner.run(BaseSpecRunner.java:64)
	at org.spockframework.runtime.Sputnik.run(Sputnik.java:63)
	at org.gradle.api.internal.tasks.testing.junit.JUnitTestClassExecutor.runTestClass(JUnitTestClassExecutor.java:110)
	at org.gradle.api.internal.tasks.testing.junit.JUnitTestClassExecutor.execute(JUnitTestClassExecutor.java:58)
	at org.gradle.api.internal.tasks.testing.junit.JUnitTestClassExecutor.execute(JUnitTestClassExecutor.java:38)
	at org.gradle.api.internal.tasks.testing.junit.AbstractJUnitTestClassProcessor.processTestClass(AbstractJUnitTestClassProcessor.java:62)
	at org.gradle.api.internal.tasks.testing.SuiteTestClassProcessor.processTestClass(SuiteTestClassProcessor.java:51)
	at java.base/jdk.internal.reflect.NativeMethodAccessorImpl.invoke0(Native Method)
	at java.base/jdk.internal.reflect.NativeMethodAccessorImpl.invoke(NativeMethodAccessorImpl.java:62)
	at java.base/jdk.internal.reflect.DelegatingMethodAccessorImpl.invoke(DelegatingMethodAccessorImpl.java:43)
	at java.base/java.lang.reflect.Method.invoke(Method.java:566)
	at org.gradle.internal.dispatch.ReflectionDispatch.dispatch(ReflectionDispatch.java:35)
	at org.gradle.internal.dispatch.ReflectionDispatch.dispatch(ReflectionDispatch.java:24)
	at org.gradle.internal.dispatch.ContextClassLoaderDispatch.dispatch(ContextClassLoaderDispatch.java:32)
	at org.gradle.internal.dispatch.ProxyDispatchAdapter$DispatchingInvocationHandler.invoke(ProxyDispatchAdapter.java:93)
	at com.sun.proxy.$Proxy2.processTestClass(Unknown Source)
	at org.gradle.api.internal.tasks.testing.worker.TestWorker.processTestClass(TestWorker.java:118)
	at java.base/jdk.internal.reflect.NativeMethodAccessorImpl.invoke0(Native Method)
	at java.base/jdk.internal.reflect.NativeMethodAccessorImpl.invoke(NativeMethodAccessorImpl.java:62)
	at java.base/jdk.internal.reflect.DelegatingMethodAccessorImpl.invoke(DelegatingMethodAccessorImpl.java:43)
	at java.base/java.lang.reflect.Method.invoke(Method.java:566)
	at org.gradle.internal.dispatch.ReflectionDispatch.dispatch(ReflectionDispatch.java:35)
	at org.gradle.internal.dispatch.ReflectionDispatch.dispatch(ReflectionDispatch.java:24)
	at org.gradle.internal.remote.internal.hub.MessageHubBackedObjectConnection$DispatchWrapper.dispatch(MessageHubBackedObjectConnection.java:175)
	at org.gradle.internal.remote.internal.hub.MessageHubBackedObjectConnection$DispatchWrapper.dispatch(MessageHubBackedObjectConnection.java:157)
	at org.gradle.internal.remote.internal.hub.MessageHub$Handler.run(MessageHub.java:404)
	at org.gradle.internal.concurrent.ExecutorPolicy$CatchAndRecordFailures.onExecute(ExecutorPolicy.java:63)
	at org.gradle.internal.concurrent.ManagedExecutorImpl$1.run(ManagedExecutorImpl.java:46)
	at java.base/java.util.concurrent.ThreadPoolExecutor.runWorker(ThreadPoolExecutor.java:1128)
	at java.base/java.util.concurrent.ThreadPoolExecutor$Worker.run(ThreadPoolExecutor.java:628)
	at org.gradle.internal.concurrent.ThreadFactoryImpl$ManagedThreadRunnable.run(ThreadFactoryImpl.java:55)
	at java.base/java.lang.Thread.run(Thread.java:834)
]]></system-out>
  <system-err><![CDATA[]]></system-err>
</testsuite>
